2015/02/25 22:48:07 [error] [exception.CException] exception 'CException' with message 'Property "SearchText.title" is not defined.' in D:\xampp\htdocs\framework\yii\framework\base\CComponent.php:130
Stack trace:
#0 D:\xampp\htdocs\framework\yii\framework\db\ar\CActiveRecord.php(145): CComponent->__get('title')
#1 D:\xampp\htdocs\ircbd\themes\admin\views\searchText\update.php(16): CActiveRecord->__get('title')
#2 D:\xampp\htdocs\framework\yii\framework\web\CBaseController.php(126): require('D:\xampp\htdocs...')
#3 D:\xampp\htdocs\framework\yii\framework\web\CBaseController.php(95): CBaseController->renderInternal('D:\xampp\htdocs...', Array, true)
#4 D:\xampp\htdocs\framework\yii\framework\web\CController.php(869): CBaseController->renderFile('D:\xampp\htdocs...', Array, true)
#5 D:\xampp\htdocs\framework\yii\framework\web\CController.php(782): CController->renderPartial('update', Array, true)
#6 D:\xampp\htdocs\ircbd\protected\controllers\back\SearchTextController.php(108): CController->render('update', Array)
#7 [internal function]: SearchTextController->actionUpdate('1')
#8 D:\xampp\htdocs\framework\yii\framework\web\actions\CAction.php(109): ReflectionMethod->invokeArgs(Object(SearchTextController), Array)
#9 D:\xampp\htdocs\framework\yii\framework\web\actions\CInlineAction.php(47): CAction->runWithParamsInternal(Object(SearchTextController), Object(ReflectionMethod), Array)
#10 D:\xampp\htdocs\framework\yii\framework\web\CController.php(308): CInlineAction->runWithParams(Array)
#11 D:\xampp\htdocs\framework\yii\framework\web\filters\CFilterChain.php(133): CController->runAction(Object(CInlineAction))
#12 D:\xampp\htdocs\framework\yii\framework\web\filters\CFilter.php(40): CFilterChain->run()
#13 D:\xampp\htdocs\framework\yii\framework\web\CController.php(1145): CFilter->filter(Object(CFilterChain))
#14 D:\xampp\htdocs\framework\yii\framework\web\filters\CInlineFilter.php(58): CController->filterAccessControl(Object(CFilterChain))
#15 D:\xampp\htdocs\framework\yii\framework\web\filters\CFilterChain.php(130): CInlineFilter->filter(Object(CFilterChain))
#16 D:\xampp\htdocs\framework\yii\framework\web\CController.php(291): CFilterChain->run()
#17 D:\xampp\htdocs\framework\yii\framework\web\CController.php(265): CController->runActionWithFilters(Object(CInlineAction), Array)
#18 D:\xampp\htdocs\framework\yii\framework\web\CWebApplication.php(282): CController->run('update')
#19 D:\xampp\htdocs\framework\yii\framework\web\CWebApplication.php(141): CWebApplication->runController('searchText/upda...')
#20 D:\xampp\htdocs\framework\yii\framework\base\CApplication.php(184): CWebApplication->processRequest()
#21 D:\xampp\htdocs\ircbd\protected\components\WebApplicationEndBehavior.php(24): CApplication->run()
#22 [internal function]: WebApplicationEndBehavior->runEnd('back')
#23 D:\xampp\htdocs\framework\yii\framework\base\CComponent.php(261): call_user_func_array(Array, Array)
#24 D:\xampp\htdocs\ircbd\backend.php(14): CComponent->__call('runEnd', Array)
#25 D:\xampp\htdocs\ircbd\backend.php(14): CWebApplication->runEnd('back')
#26 {main}
REQUEST_URI=/ircbd/backend.php?r=searchText/update&id=1
HTTP_REFERER=http://localhost/ircbd/backend.php?r=searchText/admin
---
2015/02/25 23:17:06 [error] [exception.CException] exception 'CException' with message 'Property "ResourceCategory.resource_type" is not defined.' in D:\xampp\htdocs\framework\yii\framework\base\CComponent.php:130
Stack trace:
#0 D:\xampp\htdocs\framework\yii\framework\db\ar\CActiveRecord.php(145): CComponent->__get('resource_type')
#1 D:\xampp\htdocs\ircbd\themes\admin\views\resourceCategory\view.php(15): CActiveRecord->__get('resource_type')
#2 D:\xampp\htdocs\framework\yii\framework\web\CBaseController.php(126): require('D:\xampp\htdocs...')
#3 D:\xampp\htdocs\framework\yii\framework\web\CBaseController.php(95): CBaseController->renderInternal('D:\xampp\htdocs...', Array, true)
#4 D:\xampp\htdocs\framework\yii\framework\web\CController.php(869): CBaseController->renderFile('D:\xampp\htdocs...', Array, true)
#5 D:\xampp\htdocs\framework\yii\framework\web\CController.php(782): CController->renderPartial('view', Array, true)
#6 D:\xampp\htdocs\ircbd\protected\controllers\back\ResourceCategoryController.php(63): CController->render('view', Array)
#7 [internal function]: ResourceCategoryController->actionView('2')
#8 D:\xampp\htdocs\framework\yii\framework\web\actions\CAction.php(109): ReflectionMethod->invokeArgs(Object(ResourceCategoryController), Array)
#9 D:\xampp\htdocs\framework\yii\framework\web\actions\CInlineAction.php(47): CAction->runWithParamsInternal(Object(ResourceCategoryController), Object(ReflectionMethod), Array)
#10 D:\xampp\htdocs\framework\yii\framework\web\CController.php(308): CInlineAction->runWithParams(Array)
#11 D:\xampp\htdocs\framework\yii\framework\web\filters\CFilterChain.php(133): CController->runAction(Object(CInlineAction))
#12 D:\xampp\htdocs\framework\yii\framework\web\filters\CFilter.php(40): CFilterChain->run()
#13 D:\xampp\htdocs\framework\yii\framework\web\CController.php(1145): CFilter->filter(Object(CFilterChain))
#14 D:\xampp\htdocs\framework\yii\framework\web\filters\CInlineFilter.php(58): CController->filterAccessControl(Object(CFilterChain))
#15 D:\xampp\htdocs\framework\yii\framework\web\filters\CFilterChain.php(130): CInlineFilter->filter(Object(CFilterChain))
#16 D:\xampp\htdocs\framework\yii\framework\web\CController.php(291): CFilterChain->run()
#17 D:\xampp\htdocs\framework\yii\framework\web\CController.php(265): CController->runActionWithFilters(Object(CInlineAction), Array)
#18 D:\xampp\htdocs\framework\yii\framework\web\CWebApplication.php(282): CController->run('view')
#19 D:\xampp\htdocs\framework\yii\framework\web\CWebApplication.php(141): CWebApplication->runController('resourceCategor...')
#20 D:\xampp\htdocs\framework\yii\framework\base\CApplication.php(184): CWebApplication->processRequest()
#21 D:\xampp\htdocs\ircbd\protected\components\WebApplicationEndBehavior.php(24): CApplication->run()
#22 [internal function]: WebApplicationEndBehavior->runEnd('back')
#23 D:\xampp\htdocs\framework\yii\framework\base\CComponent.php(261): call_user_func_array(Array, Array)
#24 D:\xampp\htdocs\ircbd\backend.php(14): CComponent->__call('runEnd', Array)
#25 D:\xampp\htdocs\ircbd\backend.php(14): CWebApplication->runEnd('back')
#26 {main}
REQUEST_URI=/ircbd/backend.php?r=resourceCategory/view&id=2
HTTP_REFERER=http://localhost/ircbd/backend.php?r=resourceCategory/admin
---
2015/02/25 23:17:43 [error] [exception.CException] exception 'CException' with message 'Property "ResourceCategory.resource_type" is not defined.' in D:\xampp\htdocs\framework\yii\framework\base\CComponent.php:130
Stack trace:
#0 D:\xampp\htdocs\framework\yii\framework\db\ar\CActiveRecord.php(145): CComponent->__get('resource_type')
#1 D:\xampp\htdocs\ircbd\themes\admin\views\resourceCategory\update.php(16): CActiveRecord->__get('resource_type')
#2 D:\xampp\htdocs\framework\yii\framework\web\CBaseController.php(126): require('D:\xampp\htdocs...')
#3 D:\xampp\htdocs\framework\yii\framework\web\CBaseController.php(95): CBaseController->renderInternal('D:\xampp\htdocs...', Array, true)
#4 D:\xampp\htdocs\framework\yii\framework\web\CController.php(869): CBaseController->renderFile('D:\xampp\htdocs...', Array, true)
#5 D:\xampp\htdocs\framework\yii\framework\web\CController.php(782): CController->renderPartial('update', Array, true)
#6 D:\xampp\htdocs\ircbd\protected\controllers\back\ResourceCategoryController.php(108): CController->render('update', Array)
#7 [internal function]: ResourceCategoryController->actionUpdate('2')
#8 D:\xampp\htdocs\framework\yii\framework\web\actions\CAction.php(109): ReflectionMethod->invokeArgs(Object(ResourceCategoryController), Array)
#9 D:\xampp\htdocs\framework\yii\framework\web\actions\CInlineAction.php(47): CAction->runWithParamsInternal(Object(ResourceCategoryController), Object(ReflectionMethod), Array)
#10 D:\xampp\htdocs\framework\yii\framework\web\CController.php(308): CInlineAction->runWithParams(Array)
#11 D:\xampp\htdocs\framework\yii\framework\web\filters\CFilterChain.php(133): CController->runAction(Object(CInlineAction))
#12 D:\xampp\htdocs\framework\yii\framework\web\filters\CFilter.php(40): CFilterChain->run()
#13 D:\xampp\htdocs\framework\yii\framework\web\CController.php(1145): CFilter->filter(Object(CFilterChain))
#14 D:\xampp\htdocs\framework\yii\framework\web\filters\CInlineFilter.php(58): CController->filterAccessControl(Object(CFilterChain))
#15 D:\xampp\htdocs\framework\yii\framework\web\filters\CFilterChain.php(130): CInlineFilter->filter(Object(CFilterChain))
#16 D:\xampp\htdocs\framework\yii\framework\web\CController.php(291): CFilterChain->run()
#17 D:\xampp\htdocs\framework\yii\framework\web\CController.php(265): CController->runActionWithFilters(Object(CInlineAction), Array)
#18 D:\xampp\htdocs\framework\yii\framework\web\CWebApplication.php(282): CController->run('update')
#19 D:\xampp\htdocs\framework\yii\framework\web\CWebApplication.php(141): CWebApplication->runController('resourceCategor...')
#20 D:\xampp\htdocs\framework\yii\framework\base\CApplication.php(184): CWebApplication->processRequest()
#21 D:\xampp\htdocs\ircbd\protected\components\WebApplicationEndBehavior.php(24): CApplication->run()
#22 [internal function]: WebApplicationEndBehavior->runEnd('back')
#23 D:\xampp\htdocs\framework\yii\framework\base\CComponent.php(261): call_user_func_array(Array, Array)
#24 D:\xampp\htdocs\ircbd\backend.php(14): CComponent->__call('runEnd', Array)
#25 D:\xampp\htdocs\ircbd\backend.php(14): CWebApplication->runEnd('back')
#26 {main}
REQUEST_URI=/ircbd/backend.php?r=resourceCategory/update&id=2
HTTP_REFERER=http://localhost/ircbd/backend.php?r=resourceCategory/view&id=2
---
2015/02/26 18:17:51 [error] [exception.CException] exception 'CException' with message 'CAssetManager.basePath "D:\xampp\htdocs\ircbd\assets" is invalid. Please make sure the directory exists and is writable by the Web server process.' in D:\xampp\htdocs\framework\yii\framework\web\CAssetManager.php:138
Stack trace:
#0 D:\xampp\htdocs\framework\yii\framework\web\CAssetManager.php(123): CAssetManager->setBasePath('D:\xampp\htdocs...')
#1 D:\xampp\htdocs\framework\yii\framework\web\CAssetManager.php(217): CAssetManager->getBasePath()
#2 D:\xampp\htdocs\ircbd\protected\extensions\bootstrap\components\TbApi.php(216): CAssetManager->publish('D:\xampp\htdocs...', false, -1, false)
#3 D:\xampp\htdocs\ircbd\protected\extensions\bootstrap\components\TbApi.php(52): TbApi->getAssetsUrl()
#4 D:\xampp\htdocs\ircbd\protected\extensions\bootstrap\components\TbApi.php(93): TbApi->registerCoreCss()
#5 D:\xampp\htdocs\ircbd\protected\extensions\bootstrap\components\TbApi.php(138): TbApi->registerAllCss()
#6 D:\xampp\htdocs\ircbd\themes\default\views\layouts\main.php(8): TbApi->register()
#7 D:\xampp\htdocs\framework\yii\framework\web\CBaseController.php(126): require('D:\xampp\htdocs...')
#8 D:\xampp\htdocs\framework\yii\framework\web\CBaseController.php(95): CBaseController->renderInternal('D:\xampp\htdocs...', Array, true)
#9 D:\xampp\htdocs\framework\yii\framework\web\widgets\CContentDecorator.php(76): CBaseController->renderFile('D:\xampp\htdocs...', Array, true)
#10 D:\xampp\htdocs\framework\yii\framework\web\widgets\CContentDecorator.php(54): CContentDecorator->decorate('<div class="row...')
#11 D:\xampp\htdocs\framework\yii\framework\web\widgets\COutputProcessor.php(44): CContentDecorator->processOutput('<div class="row...')
#12 D:\xampp\htdocs\framework\yii\framework\web\CBaseController.php(214): COutputProcessor->run()
#13 D:\xampp\htdocs\framework\yii\framework\web\CBaseController.php(308): CBaseController->endWidget('CContentDecorat...')
#14 D:\xampp\htdocs\ircbd\themes\default\views\layouts\column1.php(50): CBaseController->endContent()
#15 D:\xampp\htdocs\framework\yii\framework\web\CBaseController.php(126): require('D:\xampp\htdocs...')
#16 D:\xampp\htdocs\framework\yii\framework\web\CBaseController.php(95): CBaseController->renderInternal('D:\xampp\htdocs...', Array, true)
#17 D:\xampp\htdocs\framework\yii\framework\web\CController.php(784): CBaseController->renderFile('D:\xampp\htdocs...', Array, true)
#18 D:\xampp\htdocs\ircbd\protected\controllers\front\SiteController.php(60): CController->render('index')
#19 D:\xampp\htdocs\framework\yii\framework\web\actions\CInlineAction.php(49): SiteController->actionIndex()
#20 D:\xampp\htdocs\framework\yii\framework\web\CController.php(308): CInlineAction->runWithParams(Array)
#21 D:\xampp\htdocs\framework\yii\framework\web\filters\CFilterChain.php(133): CController->runAction(Object(CInlineAction))
#22 D:\xampp\htdocs\framework\yii\framework\web\filters\CFilter.php(40): CFilterChain->run()
#23 D:\xampp\htdocs\framework\yii\framework\web\CController.php(1145): CFilter->filter(Object(CFilterChain))
#24 D:\xampp\htdocs\framework\yii\framework\web\filters\CInlineFilter.php(58): CController->filterAccessControl(Object(CFilterChain))
#25 D:\xampp\htdocs\framework\yii\framework\web\filters\CFilterChain.php(130): CInlineFilter->filter(Object(CFilterChain))
#26 D:\xampp\htdocs\framework\yii\framework\web\CController.php(291): CFilterChain->run()
#27 D:\xampp\htdocs\framework\yii\framework\web\CController.php(265): CController->runActionWithFilters(Object(CInlineAction), Array)
#28 D:\xampp\htdocs\framework\yii\framework\web\CWebApplication.php(282): CController->run('')
#29 D:\xampp\htdocs\framework\yii\framework\web\CWebApplication.php(141): CWebApplication->runController('')
#30 D:\xampp\htdocs\framework\yii\framework\base\CApplication.php(184): CWebApplication->processRequest()
#31 D:\xampp\htdocs\ircbd\protected\components\WebApplicationEndBehavior.php(24): CApplication->run()
#32 [internal function]: WebApplicationEndBehavior->runEnd('front')
#33 D:\xampp\htdocs\framework\yii\framework\base\CComponent.php(261): call_user_func_array(Array, Array)
#34 D:\xampp\htdocs\ircbd\index.php(14): CComponent->__call('runEnd', Array)
#35 D:\xampp\htdocs\ircbd\index.php(14): CWebApplication->runEnd('front')
#36 {main}
REQUEST_URI=/ircbd/
---
2015/02/26 18:18:05 [error] [exception.CException] exception 'CException' with message 'CAssetManager.basePath "D:\xampp\htdocs\ircbd\assets" is invalid. Please make sure the directory exists and is writable by the Web server process.' in D:\xampp\htdocs\framework\yii\framework\web\CAssetManager.php:138
Stack trace:
#0 D:\xampp\htdocs\framework\yii\framework\web\CAssetManager.php(123): CAssetManager->setBasePath('D:\xampp\htdocs...')
#1 D:\xampp\htdocs\framework\yii\framework\web\CAssetManager.php(217): CAssetManager->getBasePath()
#2 D:\xampp\htdocs\ircbd\protected\extensions\bootstrap\components\TbApi.php(216): CAssetManager->publish('D:\xampp\htdocs...', false, -1, false)
#3 D:\xampp\htdocs\ircbd\protected\extensions\bootstrap\components\TbApi.php(52): TbApi->getAssetsUrl()
#4 D:\xampp\htdocs\ircbd\protected\extensions\bootstrap\components\TbApi.php(93): TbApi->registerCoreCss()
#5 D:\xampp\htdocs\ircbd\protected\extensions\bootstrap\components\TbApi.php(138): TbApi->registerAllCss()
#6 D:\xampp\htdocs\ircbd\themes\admin\views\layouts\login.php(9): TbApi->register()
#7 D:\xampp\htdocs\framework\yii\framework\web\CBaseController.php(126): require('D:\xampp\htdocs...')
#8 D:\xampp\htdocs\framework\yii\framework\web\CBaseController.php(95): CBaseController->renderInternal('D:\xampp\htdocs...', Array, true)
#9 D:\xampp\htdocs\framework\yii\framework\web\CController.php(784): CBaseController->renderFile('D:\xampp\htdocs...', Array, true)
#10 D:\xampp\htdocs\ircbd\protected\controllers\back\SiteController.php(101): CController->render('login', Array)
#11 D:\xampp\htdocs\framework\yii\framework\web\actions\CInlineAction.php(49): SiteController->actionLogin()
#12 D:\xampp\htdocs\framework\yii\framework\web\CController.php(308): CInlineAction->runWithParams(Array)
#13 D:\xampp\htdocs\framework\yii\framework\web\filters\CFilterChain.php(133): CController->runAction(Object(CInlineAction))
#14 D:\xampp\htdocs\framework\yii\framework\web\filters\CFilter.php(40): CFilterChain->run()
#15 D:\xampp\htdocs\framework\yii\framework\web\CController.php(1145): CFilter->filter(Object(CFilterChain))
#16 D:\xampp\htdocs\framework\yii\framework\web\filters\CInlineFilter.php(58): CController->filterAccessControl(Object(CFilterChain))
#17 D:\xampp\htdocs\framework\yii\framework\web\filters\CFilterChain.php(130): CInlineFilter->filter(Object(CFilterChain))
#18 D:\xampp\htdocs\framework\yii\framework\web\CController.php(291): CFilterChain->run()
#19 D:\xampp\htdocs\framework\yii\framework\web\CController.php(265): CController->runActionWithFilters(Object(CInlineAction), Array)
#20 D:\xampp\htdocs\framework\yii\framework\web\CWebApplication.php(282): CController->run('login')
#21 D:\xampp\htdocs\framework\yii\framework\web\CWebApplication.php(141): CWebApplication->runController('site/login')
#22 D:\xampp\htdocs\framework\yii\framework\base\CApplication.php(184): CWebApplication->processRequest()
#23 D:\xampp\htdocs\ircbd\protected\components\WebApplicationEndBehavior.php(24): CApplication->run()
#24 [internal function]: WebApplicationEndBehavior->runEnd('back')
#25 D:\xampp\htdocs\framework\yii\framework\base\CComponent.php(261): call_user_func_array(Array, Array)
#26 D:\xampp\htdocs\ircbd\backend.php(14): CComponent->__call('runEnd', Array)
#27 D:\xampp\htdocs\ircbd\backend.php(14): CWebApplication->runEnd('back')
#28 {main}
REQUEST_URI=/ircbd/backend.php?r=site/login
HTTP_REFERER=http://localhost/ircbd/backend.php?r=resource/admin
---
2015/02/26 18:33:36 [error] [exception.CException] exception 'CException' with message 'Alias "bootstrap.widgets.TbHeroUnit" is invalid. Make sure it points to an existing directory or file.' in D:\xampp\htdocs\framework\yii\framework\YiiBase.php:348
Stack trace:
#0 D:\xampp\htdocs\framework\yii\framework\web\CWidgetFactory.php(146): YiiBase::import('bootstrap.widge...', true)
#1 D:\xampp\htdocs\framework\yii\framework\web\CBaseController.php(146): CWidgetFactory->createWidget(Object(SiteController), 'bootstrap.widge...', Array)
#2 D:\xampp\htdocs\framework\yii\framework\web\CBaseController.php(197): CBaseController->createWidget('bootstrap.widge...', Array)
#3 D:\xampp\htdocs\ircbd\themes\default\views\site\index.php(5): CBaseController->beginWidget('bootstrap.widge...', Array)
#4 D:\xampp\htdocs\framework\yii\framework\web\CBaseController.php(126): require('D:\xampp\htdocs...')
#5 D:\xampp\htdocs\framework\yii\framework\web\CBaseController.php(95): CBaseController->renderInternal('D:\xampp\htdocs...', NULL, true)
#6 D:\xampp\htdocs\framework\yii\framework\web\CController.php(869): CBaseController->renderFile('D:\xampp\htdocs...', NULL, true)
#7 D:\xampp\htdocs\framework\yii\framework\web\CController.php(782): CController->renderPartial('index', NULL, true)
#8 D:\xampp\htdocs\ircbd\protected\controllers\front\SiteController.php(60): CController->render('index')
#9 D:\xampp\htdocs\framework\yii\framework\web\actions\CInlineAction.php(49): SiteController->actionIndex()
#10 D:\xampp\htdocs\framework\yii\framework\web\CController.php(308): CInlineAction->runWithParams(Array)
#11 D:\xampp\htdocs\framework\yii\framework\web\filters\CFilterChain.php(133): CController->runAction(Object(CInlineAction))
#12 D:\xampp\htdocs\framework\yii\framework\web\filters\CFilter.php(40): CFilterChain->run()
#13 D:\xampp\htdocs\framework\yii\framework\web\CController.php(1145): CFilter->filter(Object(CFilterChain))
#14 D:\xampp\htdocs\framework\yii\framework\web\filters\CInlineFilter.php(58): CController->filterAccessControl(Object(CFilterChain))
#15 D:\xampp\htdocs\framework\yii\framework\web\filters\CFilterChain.php(130): CInlineFilter->filter(Object(CFilterChain))
#16 D:\xampp\htdocs\framework\yii\framework\web\CController.php(291): CFilterChain->run()
#17 D:\xampp\htdocs\framework\yii\framework\web\CController.php(265): CController->runActionWithFilters(Object(CInlineAction), Array)
#18 D:\xampp\htdocs\framework\yii\framework\web\CWebApplication.php(282): CController->run('')
#19 D:\xampp\htdocs\framework\yii\framework\web\CWebApplication.php(141): CWebApplication->runController('')
#20 D:\xampp\htdocs\framework\yii\framework\base\CApplication.php(184): CWebApplication->processRequest()
#21 D:\xampp\htdocs\ircbd\protected\components\WebApplicationEndBehavior.php(24): CApplication->run()
#22 [internal function]: WebApplicationEndBehavior->runEnd('front')
#23 D:\xampp\htdocs\framework\yii\framework\base\CComponent.php(261): call_user_func_array(Array, Array)
#24 D:\xampp\htdocs\ircbd\index.php(14): CComponent->__call('runEnd', Array)
#25 D:\xampp\htdocs\ircbd\index.php(14): CWebApplication->runEnd('front')
#26 {main}
REQUEST_URI=/ircbd/themes/admin/css/styles.css
HTTP_REFERER=http://localhost/ircbd/backend.php?r=resource/admin
---
2015/02/26 18:33:46 [error] [exception.CException] exception 'CException' with message 'Alias "bootstrap.widgets.TbHeroUnit" is invalid. Make sure it points to an existing directory or file.' in D:\xampp\htdocs\framework\yii\framework\YiiBase.php:348
Stack trace:
#0 D:\xampp\htdocs\framework\yii\framework\web\CWidgetFactory.php(146): YiiBase::import('bootstrap.widge...', true)
#1 D:\xampp\htdocs\framework\yii\framework\web\CBaseController.php(146): CWidgetFactory->createWidget(Object(SiteController), 'bootstrap.widge...', Array)
#2 D:\xampp\htdocs\framework\yii\framework\web\CBaseController.php(197): CBaseController->createWidget('bootstrap.widge...', Array)
#3 D:\xampp\htdocs\ircbd\themes\default\views\site\index.php(5): CBaseController->beginWidget('bootstrap.widge...', Array)
#4 D:\xampp\htdocs\framework\yii\framework\web\CBaseController.php(126): require('D:\xampp\htdocs...')
#5 D:\xampp\htdocs\framework\yii\framework\web\CBaseController.php(95): CBaseController->renderInternal('D:\xampp\htdocs...', NULL, true)
#6 D:\xampp\htdocs\framework\yii\framework\web\CController.php(869): CBaseController->renderFile('D:\xampp\htdocs...', NULL, true)
#7 D:\xampp\htdocs\framework\yii\framework\web\CController.php(782): CController->renderPartial('index', NULL, true)
#8 D:\xampp\htdocs\ircbd\protected\controllers\front\SiteController.php(60): CController->render('index')
#9 D:\xampp\htdocs\framework\yii\framework\web\actions\CInlineAction.php(49): SiteController->actionIndex()
#10 D:\xampp\htdocs\framework\yii\framework\web\CController.php(308): CInlineAction->runWithParams(Array)
#11 D:\xampp\htdocs\framework\yii\framework\web\filters\CFilterChain.php(133): CController->runAction(Object(CInlineAction))
#12 D:\xampp\htdocs\framework\yii\framework\web\filters\CFilter.php(40): CFilterChain->run()
#13 D:\xampp\htdocs\framework\yii\framework\web\CController.php(1145): CFilter->filter(Object(CFilterChain))
#14 D:\xampp\htdocs\framework\yii\framework\web\filters\CInlineFilter.php(58): CController->filterAccessControl(Object(CFilterChain))
#15 D:\xampp\htdocs\framework\yii\framework\web\filters\CFilterChain.php(130): CInlineFilter->filter(Object(CFilterChain))
#16 D:\xampp\htdocs\framework\yii\framework\web\CController.php(291): CFilterChain->run()
#17 D:\xampp\htdocs\framework\yii\framework\web\CController.php(265): CController->runActionWithFilters(Object(CInlineAction), Array)
#18 D:\xampp\htdocs\framework\yii\framework\web\CWebApplication.php(282): CController->run('')
#19 D:\xampp\htdocs\framework\yii\framework\web\CWebApplication.php(141): CWebApplication->runController('')
#20 D:\xampp\htdocs\framework\yii\framework\base\CApplication.php(184): CWebApplication->processRequest()
#21 D:\xampp\htdocs\ircbd\protected\components\WebApplicationEndBehavior.php(24): CApplication->run()
#22 [internal function]: WebApplicationEndBehavior->runEnd('front')
#23 D:\xampp\htdocs\framework\yii\framework\base\CComponent.php(261): call_user_func_array(Array, Array)
#24 D:\xampp\htdocs\ircbd\index.php(14): CComponent->__call('runEnd', Array)
#25 D:\xampp\htdocs\ircbd\index.php(14): CWebApplication->runEnd('front')
#26 {main}
REQUEST_URI=/ircbd/themes/admin/css/styles.css
HTTP_REFERER=http://localhost/ircbd/backend.php?r=author/admin
---
2015/02/26 18:33:49 [error] [exception.CException] exception 'CException' with message 'Alias "bootstrap.widgets.TbHeroUnit" is invalid. Make sure it points to an existing directory or file.' in D:\xampp\htdocs\framework\yii\framework\YiiBase.php:348
Stack trace:
#0 D:\xampp\htdocs\framework\yii\framework\web\CWidgetFactory.php(146): YiiBase::import('bootstrap.widge...', true)
#1 D:\xampp\htdocs\framework\yii\framework\web\CBaseController.php(146): CWidgetFactory->createWidget(Object(SiteController), 'bootstrap.widge...', Array)
#2 D:\xampp\htdocs\framework\yii\framework\web\CBaseController.php(197): CBaseController->createWidget('bootstrap.widge...', Array)
#3 D:\xampp\htdocs\ircbd\themes\default\views\site\index.php(5): CBaseController->beginWidget('bootstrap.widge...', Array)
#4 D:\xampp\htdocs\framework\yii\framework\web\CBaseController.php(126): require('D:\xampp\htdocs...')
#5 D:\xampp\htdocs\framework\yii\framework\web\CBaseController.php(95): CBaseController->renderInternal('D:\xampp\htdocs...', NULL, true)
#6 D:\xampp\htdocs\framework\yii\framework\web\CController.php(869): CBaseController->renderFile('D:\xampp\htdocs...', NULL, true)
#7 D:\xampp\htdocs\framework\yii\framework\web\CController.php(782): CController->renderPartial('index', NULL, true)
#8 D:\xampp\htdocs\ircbd\protected\controllers\front\SiteController.php(60): CController->render('index')
#9 D:\xampp\htdocs\framework\yii\framework\web\actions\CInlineAction.php(49): SiteController->actionIndex()
#10 D:\xampp\htdocs\framework\yii\framework\web\CController.php(308): CInlineAction->runWithParams(Array)
#11 D:\xampp\htdocs\framework\yii\framework\web\filters\CFilterChain.php(133): CController->runAction(Object(CInlineAction))
#12 D:\xampp\htdocs\framework\yii\framework\web\filters\CFilter.php(40): CFilterChain->run()
#13 D:\xampp\htdocs\framework\yii\framework\web\CController.php(1145): CFilter->filter(Object(CFilterChain))
#14 D:\xampp\htdocs\framework\yii\framework\web\filters\CInlineFilter.php(58): CController->filterAccessControl(Object(CFilterChain))
#15 D:\xampp\htdocs\framework\yii\framework\web\filters\CFilterChain.php(130): CInlineFilter->filter(Object(CFilterChain))
#16 D:\xampp\htdocs\framework\yii\framework\web\CController.php(291): CFilterChain->run()
#17 D:\xampp\htdocs\framework\yii\framework\web\CController.php(265): CController->runActionWithFilters(Object(CInlineAction), Array)
#18 D:\xampp\htdocs\framework\yii\framework\web\CWebApplication.php(282): CController->run('')
#19 D:\xampp\htdocs\framework\yii\framework\web\CWebApplication.php(141): CWebApplication->runController('')
#20 D:\xampp\htdocs\framework\yii\framework\base\CApplication.php(184): CWebApplication->processRequest()
#21 D:\xampp\htdocs\ircbd\protected\components\WebApplicationEndBehavior.php(24): CApplication->run()
#22 [internal function]: WebApplicationEndBehavior->runEnd('front')
#23 D:\xampp\htdocs\framework\yii\framework\base\CComponent.php(261): call_user_func_array(Array, Array)
#24 D:\xampp\htdocs\ircbd\index.php(14): CComponent->__call('runEnd', Array)
#25 D:\xampp\htdocs\ircbd\index.php(14): CWebApplication->runEnd('front')
#26 {main}
REQUEST_URI=/ircbd/themes/admin/css/styles.css
HTTP_REFERER=http://localhost/ircbd/backend.php?r=author/admin
---
2015/02/26 18:34:02 [error] [exception.CException] exception 'CException' with message 'Alias "bootstrap.widgets.TbHeroUnit" is invalid. Make sure it points to an existing directory or file.' in D:\xampp\htdocs\framework\yii\framework\YiiBase.php:348
Stack trace:
#0 D:\xampp\htdocs\framework\yii\framework\web\CWidgetFactory.php(146): YiiBase::import('bootstrap.widge...', true)
#1 D:\xampp\htdocs\framework\yii\framework\web\CBaseController.php(146): CWidgetFactory->createWidget(Object(SiteController), 'bootstrap.widge...', Array)
#2 D:\xampp\htdocs\framework\yii\framework\web\CBaseController.php(197): CBaseController->createWidget('bootstrap.widge...', Array)
#3 D:\xampp\htdocs\ircbd\themes\default\views\site\index.php(5): CBaseController->beginWidget('bootstrap.widge...', Array)
#4 D:\xampp\htdocs\framework\yii\framework\web\CBaseController.php(126): require('D:\xampp\htdocs...')
#5 D:\xampp\htdocs\framework\yii\framework\web\CBaseController.php(95): CBaseController->renderInternal('D:\xampp\htdocs...', NULL, true)
#6 D:\xampp\htdocs\framework\yii\framework\web\CController.php(869): CBaseController->renderFile('D:\xampp\htdocs...', NULL, true)
#7 D:\xampp\htdocs\framework\yii\framework\web\CController.php(782): CController->renderPartial('index', NULL, true)
#8 D:\xampp\htdocs\ircbd\protected\controllers\front\SiteController.php(60): CController->render('index')
#9 D:\xampp\htdocs\framework\yii\framework\web\actions\CInlineAction.php(49): SiteController->actionIndex()
#10 D:\xampp\htdocs\framework\yii\framework\web\CController.php(308): CInlineAction->runWithParams(Array)
#11 D:\xampp\htdocs\framework\yii\framework\web\filters\CFilterChain.php(133): CController->runAction(Object(CInlineAction))
#12 D:\xampp\htdocs\framework\yii\framework\web\filters\CFilter.php(40): CFilterChain->run()
#13 D:\xampp\htdocs\framework\yii\framework\web\CController.php(1145): CFilter->filter(Object(CFilterChain))
#14 D:\xampp\htdocs\framework\yii\framework\web\filters\CInlineFilter.php(58): CController->filterAccessControl(Object(CFilterChain))
#15 D:\xampp\htdocs\framework\yii\framework\web\filters\CFilterChain.php(130): CInlineFilter->filter(Object(CFilterChain))
#16 D:\xampp\htdocs\framework\yii\framework\web\CController.php(291): CFilterChain->run()
#17 D:\xampp\htdocs\framework\yii\framework\web\CController.php(265): CController->runActionWithFilters(Object(CInlineAction), Array)
#18 D:\xampp\htdocs\framework\yii\framework\web\CWebApplication.php(282): CController->run('')
#19 D:\xampp\htdocs\framework\yii\framework\web\CWebApplication.php(141): CWebApplication->runController('')
#20 D:\xampp\htdocs\framework\yii\framework\base\CApplication.php(184): CWebApplication->processRequest()
#21 D:\xampp\htdocs\ircbd\protected\components\WebApplicationEndBehavior.php(24): CApplication->run()
#22 [internal function]: WebApplicationEndBehavior->runEnd('front')
#23 D:\xampp\htdocs\framework\yii\framework\base\CComponent.php(261): call_user_func_array(Array, Array)
#24 D:\xampp\htdocs\ircbd\index.php(14): CComponent->__call('runEnd', Array)
#25 D:\xampp\htdocs\ircbd\index.php(14): CWebApplication->runEnd('front')
#26 {main}
REQUEST_URI=/ircbd/
---
2015/02/26 18:43:24 [error] [exception.CException] exception 'CException' with message 'Alias "bootstrap.widgets.TbHeroUnit" is invalid. Make sure it points to an existing directory or file.' in D:\xampp\htdocs\framework\yii\framework\YiiBase.php:348
Stack trace:
#0 D:\xampp\htdocs\framework\yii\framework\web\CWidgetFactory.php(146): YiiBase::import('bootstrap.widge...', true)
#1 D:\xampp\htdocs\framework\yii\framework\web\CBaseController.php(146): CWidgetFactory->createWidget(Object(SiteController), 'bootstrap.widge...', Array)
#2 D:\xampp\htdocs\framework\yii\framework\web\CBaseController.php(197): CBaseController->createWidget('bootstrap.widge...', Array)
#3 D:\xampp\htdocs\ircbd\themes\default\views\site\index.php(5): CBaseController->beginWidget('bootstrap.widge...', Array)
#4 D:\xampp\htdocs\framework\yii\framework\web\CBaseController.php(126): require('D:\xampp\htdocs...')
#5 D:\xampp\htdocs\framework\yii\framework\web\CBaseController.php(95): CBaseController->renderInternal('D:\xampp\htdocs...', NULL, true)
#6 D:\xampp\htdocs\framework\yii\framework\web\CController.php(869): CBaseController->renderFile('D:\xampp\htdocs...', NULL, true)
#7 D:\xampp\htdocs\framework\yii\framework\web\CController.php(782): CController->renderPartial('index', NULL, true)
#8 D:\xampp\htdocs\ircbd\protected\controllers\front\SiteController.php(60): CController->render('index')
#9 D:\xampp\htdocs\framework\yii\framework\web\actions\CInlineAction.php(49): SiteController->actionIndex()
#10 D:\xampp\htdocs\framework\yii\framework\web\CController.php(308): CInlineAction->runWithParams(Array)
#11 D:\xampp\htdocs\framework\yii\framework\web\filters\CFilterChain.php(133): CController->runAction(Object(CInlineAction))
#12 D:\xampp\htdocs\framework\yii\framework\web\filters\CFilter.php(40): CFilterChain->run()
#13 D:\xampp\htdocs\framework\yii\framework\web\CController.php(1145): CFilter->filter(Object(CFilterChain))
#14 D:\xampp\htdocs\framework\yii\framework\web\filters\CInlineFilter.php(58): CController->filterAccessControl(Object(CFilterChain))
#15 D:\xampp\htdocs\framework\yii\framework\web\filters\CFilterChain.php(130): CInlineFilter->filter(Object(CFilterChain))
#16 D:\xampp\htdocs\framework\yii\framework\web\CController.php(291): CFilterChain->run()
#17 D:\xampp\htdocs\framework\yii\framework\web\CController.php(265): CController->runActionWithFilters(Object(CInlineAction), Array)
#18 D:\xampp\htdocs\framework\yii\framework\web\CWebApplication.php(282): CController->run('')
#19 D:\xampp\htdocs\framework\yii\framework\web\CWebApplication.php(141): CWebApplication->runController('')
#20 D:\xampp\htdocs\framework\yii\framework\base\CApplication.php(184): CWebApplication->processRequest()
#21 D:\xampp\htdocs\ircbd\protected\components\WebApplicationEndBehavior.php(24): CApplication->run()
#22 [internal function]: WebApplicationEndBehavior->runEnd('front')
#23 D:\xampp\htdocs\framework\yii\framework\base\CComponent.php(261): call_user_func_array(Array, Array)
#24 D:\xampp\htdocs\ircbd\index.php(14): CComponent->__call('runEnd', Array)
#25 D:\xampp\htdocs\ircbd\index.php(14): CWebApplication->runEnd('front')
#26 {main}
REQUEST_URI=/ircbd/
---
2015/02/26 18:44:15 [error] [exception.CException] exception 'CException' with message 'Alias "bootstrap.widgets.TbHeroUnit" is invalid. Make sure it points to an existing directory or file.' in D:\xampp\htdocs\framework\yii\framework\YiiBase.php:348
Stack trace:
#0 D:\xampp\htdocs\framework\yii\framework\web\CWidgetFactory.php(146): YiiBase::import('bootstrap.widge...', true)
#1 D:\xampp\htdocs\framework\yii\framework\web\CBaseController.php(146): CWidgetFactory->createWidget(Object(SiteController), 'bootstrap.widge...', Array)
#2 D:\xampp\htdocs\framework\yii\framework\web\CBaseController.php(197): CBaseController->createWidget('bootstrap.widge...', Array)
#3 D:\xampp\htdocs\ircbd\themes\default\views\site\index.php(5): CBaseController->beginWidget('bootstrap.widge...', Array)
#4 D:\xampp\htdocs\framework\yii\framework\web\CBaseController.php(126): require('D:\xampp\htdocs...')
#5 D:\xampp\htdocs\framework\yii\framework\web\CBaseController.php(95): CBaseController->renderInternal('D:\xampp\htdocs...', NULL, true)
#6 D:\xampp\htdocs\framework\yii\framework\web\CController.php(869): CBaseController->renderFile('D:\xampp\htdocs...', NULL, true)
#7 D:\xampp\htdocs\framework\yii\framework\web\CController.php(782): CController->renderPartial('index', NULL, true)
#8 D:\xampp\htdocs\ircbd\protected\controllers\front\SiteController.php(60): CController->render('index')
#9 D:\xampp\htdocs\framework\yii\framework\web\actions\CInlineAction.php(49): SiteController->actionIndex()
#10 D:\xampp\htdocs\framework\yii\framework\web\CController.php(308): CInlineAction->runWithParams(Array)
#11 D:\xampp\htdocs\framework\yii\framework\web\filters\CFilterChain.php(133): CController->runAction(Object(CInlineAction))
#12 D:\xampp\htdocs\framework\yii\framework\web\filters\CFilter.php(40): CFilterChain->run()
#13 D:\xampp\htdocs\framework\yii\framework\web\CController.php(1145): CFilter->filter(Object(CFilterChain))
#14 D:\xampp\htdocs\framework\yii\framework\web\filters\CInlineFilter.php(58): CController->filterAccessControl(Object(CFilterChain))
#15 D:\xampp\htdocs\framework\yii\framework\web\filters\CFilterChain.php(130): CInlineFilter->filter(Object(CFilterChain))
#16 D:\xampp\htdocs\framework\yii\framework\web\CController.php(291): CFilterChain->run()
#17 D:\xampp\htdocs\framework\yii\framework\web\CController.php(265): CController->runActionWithFilters(Object(CInlineAction), Array)
#18 D:\xampp\htdocs\framework\yii\framework\web\CWebApplication.php(282): CController->run('')
#19 D:\xampp\htdocs\framework\yii\framework\web\CWebApplication.php(141): CWebApplication->runController('')
#20 D:\xampp\htdocs\framework\yii\framework\base\CApplication.php(184): CWebApplication->processRequest()
#21 D:\xampp\htdocs\ircbd\protected\components\WebApplicationEndBehavior.php(24): CApplication->run()
#22 [internal function]: WebApplicationEndBehavior->runEnd('front')
#23 D:\xampp\htdocs\framework\yii\framework\base\CComponent.php(261): call_user_func_array(Array, Array)
#24 D:\xampp\htdocs\ircbd\index.php(14): CComponent->__call('runEnd', Array)
#25 D:\xampp\htdocs\ircbd\index.php(14): CWebApplication->runEnd('front')
#26 {main}
REQUEST_URI=/ircbd/
---
2015/02/26 19:46:37 [error] [system.db.CDbCommand] CDbCommand::fetchAll() failed: SQLSTATE[42000]: Syntax error or access violation: 1305 FUNCTION ircbd.random does not exist. The SQL statement executed was: SELECT id,author_name FROM `os_author` `t` ORDER BY random() LIMIT 10.
in D:\xampp\htdocs\ircbd\protected\models\Author.php (128)
in D:\xampp\htdocs\ircbd\themes\default\views\layouts\column1.php (158)
in D:\xampp\htdocs\ircbd\protected\controllers\front\SiteController.php (60)
2015/02/26 19:46:37 [error] [exception.CDbException] exception 'CDbException' with message 'CDbCommand failed to execute the SQL statement: SQLSTATE[42000]: Syntax error or access violation: 1305 FUNCTION ircbd.random does not exist. The SQL statement executed was: SELECT id,author_name FROM `os_author` `t` ORDER BY random() LIMIT 10' in D:\xampp\htdocs\framework\yii\framework\db\CDbCommand.php:543
Stack trace:
#0 D:\xampp\htdocs\framework\yii\framework\db\CDbCommand.php(396): CDbCommand->queryInternal('fetchAll', Array, Array)
#1 D:\xampp\htdocs\framework\yii\framework\db\ar\CActiveRecord.php(1356): CDbCommand->queryAll()
#2 D:\xampp\htdocs\framework\yii\framework\db\ar\CActiveRecord.php(1475): CActiveRecord->query(Object(CDbCriteria), true)
#3 D:\xampp\htdocs\ircbd\protected\models\Author.php(128): CActiveRecord->findAll(Array)
#4 D:\xampp\htdocs\ircbd\themes\default\views\layouts\column1.php(158): Author::get_author_list()
#5 D:\xampp\htdocs\framework\yii\framework\web\CBaseController.php(126): require('D:\xampp\htdocs...')
#6 D:\xampp\htdocs\framework\yii\framework\web\CBaseController.php(95): CBaseController->renderInternal('D:\xampp\htdocs...', Array, true)
#7 D:\xampp\htdocs\framework\yii\framework\web\CController.php(784): CBaseController->renderFile('D:\xampp\htdocs...', Array, true)
#8 D:\xampp\htdocs\ircbd\protected\controllers\front\SiteController.php(60): CController->render('index')
#9 D:\xampp\htdocs\framework\yii\framework\web\actions\CInlineAction.php(49): SiteController->actionIndex()
#10 D:\xampp\htdocs\framework\yii\framework\web\CController.php(308): CInlineAction->runWithParams(Array)
#11 D:\xampp\htdocs\framework\yii\framework\web\filters\CFilterChain.php(133): CController->runAction(Object(CInlineAction))
#12 D:\xampp\htdocs\framework\yii\framework\web\filters\CFilter.php(40): CFilterChain->run()
#13 D:\xampp\htdocs\framework\yii\framework\web\CController.php(1145): CFilter->filter(Object(CFilterChain))
#14 D:\xampp\htdocs\framework\yii\framework\web\filters\CInlineFilter.php(58): CController->filterAccessControl(Object(CFilterChain))
#15 D:\xampp\htdocs\framework\yii\framework\web\filters\CFilterChain.php(130): CInlineFilter->filter(Object(CFilterChain))
#16 D:\xampp\htdocs\framework\yii\framework\web\CController.php(291): CFilterChain->run()
#17 D:\xampp\htdocs\framework\yii\framework\web\CController.php(265): CController->runActionWithFilters(Object(CInlineAction), Array)
#18 D:\xampp\htdocs\framework\yii\framework\web\CWebApplication.php(282): CController->run('')
#19 D:\xampp\htdocs\framework\yii\framework\web\CWebApplication.php(141): CWebApplication->runController('')
#20 D:\xampp\htdocs\framework\yii\framework\base\CApplication.php(184): CWebApplication->processRequest()
#21 D:\xampp\htdocs\ircbd\protected\components\WebApplicationEndBehavior.php(24): CApplication->run()
#22 [internal function]: WebApplicationEndBehavior->runEnd('front')
#23 D:\xampp\htdocs\framework\yii\framework\base\CComponent.php(261): call_user_func_array(Array, Array)
#24 D:\xampp\htdocs\ircbd\index.php(14): CComponent->__call('runEnd', Array)
#25 D:\xampp\htdocs\ircbd\index.php(14): CWebApplication->runEnd('front')
#26 {main}
REQUEST_URI=/ircbd/
---
2015/02/26 20:06:13 [error] [exception.CDbException] exception 'CDbException' with message 'Table "os_resource" does not have a column named "select".' in D:\xampp\htdocs\framework\yii\framework\db\schema\CDbCommandBuilder.php:697
Stack trace:
#0 D:\xampp\htdocs\framework\yii\framework\db\ar\CActiveRecord.php(1523): CDbCommandBuilder->createColumnCriteria(Object(CMysqlTableSchema), Array, '', Array, '`t`.')
#1 D:\xampp\htdocs\ircbd\protected\models\Resource.php(155): CActiveRecord->findByAttributes(Array)
#2 D:\xampp\htdocs\ircbd\protected\models\ResourceCategory.php(115): Resource::count_category('25')
#3 D:\xampp\htdocs\ircbd\themes\default\views\layouts\column1.php(126): ResourceCategory::get_category_list()
#4 D:\xampp\htdocs\framework\yii\framework\web\CBaseController.php(126): require('D:\xampp\htdocs...')
#5 D:\xampp\htdocs\framework\yii\framework\web\CBaseController.php(95): CBaseController->renderInternal('D:\xampp\htdocs...', Array, true)
#6 D:\xampp\htdocs\framework\yii\framework\web\CController.php(784): CBaseController->renderFile('D:\xampp\htdocs...', Array, true)
#7 D:\xampp\htdocs\ircbd\protected\controllers\front\SiteController.php(60): CController->render('index')
#8 D:\xampp\htdocs\framework\yii\framework\web\actions\CInlineAction.php(49): SiteController->actionIndex()
#9 D:\xampp\htdocs\framework\yii\framework\web\CController.php(308): CInlineAction->runWithParams(Array)
#10 D:\xampp\htdocs\framework\yii\framework\web\filters\CFilterChain.php(133): CController->runAction(Object(CInlineAction))
#11 D:\xampp\htdocs\framework\yii\framework\web\filters\CFilter.php(40): CFilterChain->run()
#12 D:\xampp\htdocs\framework\yii\framework\web\CController.php(1145): CFilter->filter(Object(CFilterChain))
#13 D:\xampp\htdocs\framework\yii\framework\web\filters\CInlineFilter.php(58): CController->filterAccessControl(Object(CFilterChain))
#14 D:\xampp\htdocs\framework\yii\framework\web\filters\CFilterChain.php(130): CInlineFilter->filter(Object(CFilterChain))
#15 D:\xampp\htdocs\framework\yii\framework\web\CController.php(291): CFilterChain->run()
#16 D:\xampp\htdocs\framework\yii\framework\web\CController.php(265): CController->runActionWithFilters(Object(CInlineAction), Array)
#17 D:\xampp\htdocs\framework\yii\framework\web\CWebApplication.php(282): CController->run('')
#18 D:\xampp\htdocs\framework\yii\framework\web\CWebApplication.php(141): CWebApplication->runController('')
#19 D:\xampp\htdocs\framework\yii\framework\base\CApplication.php(184): CWebApplication->processRequest()
#20 D:\xampp\htdocs\ircbd\protected\components\WebApplicationEndBehavior.php(24): CApplication->run()
#21 [internal function]: WebApplicationEndBehavior->runEnd('front')
#22 D:\xampp\htdocs\framework\yii\framework\base\CComponent.php(261): call_user_func_array(Array, Array)
#23 D:\xampp\htdocs\ircbd\index.php(14): CComponent->__call('runEnd', Array)
#24 D:\xampp\htdocs\ircbd\index.php(14): CWebApplication->runEnd('front')
#25 {main}
REQUEST_URI=/ircbd/
---
2015/02/26 20:06:18 [error] [exception.CDbException] exception 'CDbException' with message 'Table "os_resource" does not have a column named "select".' in D:\xampp\htdocs\framework\yii\framework\db\schema\CDbCommandBuilder.php:697
Stack trace:
#0 D:\xampp\htdocs\framework\yii\framework\db\ar\CActiveRecord.php(1523): CDbCommandBuilder->createColumnCriteria(Object(CMysqlTableSchema), Array, '', Array, '`t`.')
#1 D:\xampp\htdocs\ircbd\protected\models\Resource.php(155): CActiveRecord->findByAttributes(Array)
#2 D:\xampp\htdocs\ircbd\protected\models\ResourceCategory.php(115): Resource::count_category('25')
#3 D:\xampp\htdocs\ircbd\themes\default\views\layouts\column1.php(126): ResourceCategory::get_category_list()
#4 D:\xampp\htdocs\framework\yii\framework\web\CBaseController.php(126): require('D:\xampp\htdocs...')
#5 D:\xampp\htdocs\framework\yii\framework\web\CBaseController.php(95): CBaseController->renderInternal('D:\xampp\htdocs...', Array, true)
#6 D:\xampp\htdocs\framework\yii\framework\web\CController.php(784): CBaseController->renderFile('D:\xampp\htdocs...', Array, true)
#7 D:\xampp\htdocs\ircbd\protected\controllers\front\SiteController.php(60): CController->render('index')
#8 D:\xampp\htdocs\framework\yii\framework\web\actions\CInlineAction.php(49): SiteController->actionIndex()
#9 D:\xampp\htdocs\framework\yii\framework\web\CController.php(308): CInlineAction->runWithParams(Array)
#10 D:\xampp\htdocs\framework\yii\framework\web\filters\CFilterChain.php(133): CController->runAction(Object(CInlineAction))
#11 D:\xampp\htdocs\framework\yii\framework\web\filters\CFilter.php(40): CFilterChain->run()
#12 D:\xampp\htdocs\framework\yii\framework\web\CController.php(1145): CFilter->filter(Object(CFilterChain))
#13 D:\xampp\htdocs\framework\yii\framework\web\filters\CInlineFilter.php(58): CController->filterAccessControl(Object(CFilterChain))
#14 D:\xampp\htdocs\framework\yii\framework\web\filters\CFilterChain.php(130): CInlineFilter->filter(Object(CFilterChain))
#15 D:\xampp\htdocs\framework\yii\framework\web\CController.php(291): CFilterChain->run()
#16 D:\xampp\htdocs\framework\yii\framework\web\CController.php(265): CController->runActionWithFilters(Object(CInlineAction), Array)
#17 D:\xampp\htdocs\framework\yii\framework\web\CWebApplication.php(282): CController->run('')
#18 D:\xampp\htdocs\framework\yii\framework\web\CWebApplication.php(141): CWebApplication->runController('')
#19 D:\xampp\htdocs\framework\yii\framework\base\CApplication.php(184): CWebApplication->processRequest()
#20 D:\xampp\htdocs\ircbd\protected\components\WebApplicationEndBehavior.php(24): CApplication->run()
#21 [internal function]: WebApplicationEndBehavior->runEnd('front')
#22 D:\xampp\htdocs\framework\yii\framework\base\CComponent.php(261): call_user_func_array(Array, Array)
#23 D:\xampp\htdocs\ircbd\index.php(14): CComponent->__call('runEnd', Array)
#24 D:\xampp\htdocs\ircbd\index.php(14): CWebApplication->runEnd('front')
#25 {main}
REQUEST_URI=/ircbd/themes/admin/css/styles.css
HTTP_REFERER=http://localhost/ircbd/backend.php/author/admin.html
---
2015/02/26 21:19:48 [error] [exception.CException] exception 'CException' with message 'The property "itemView" cannot be empty.' in D:\xampp\htdocs\framework\yii\framework\zii\widgets\CListView.php:210
Stack trace:
#0 D:\xampp\htdocs\framework\yii\framework\web\CBaseController.php(147): CListView->init()
#1 D:\xampp\htdocs\framework\yii\framework\web\CBaseController.php(180): CBaseController->createWidget('zii.widgets.CLi...', Array)
#2 D:\xampp\htdocs\ircbd\themes\default\views\site\index.php(26): CBaseController->widget('zii.widgets.CLi...', Array)
#3 D:\xampp\htdocs\framework\yii\framework\web\CBaseController.php(126): require('D:\xampp\htdocs...')
#4 D:\xampp\htdocs\framework\yii\framework\web\CBaseController.php(95): CBaseController->renderInternal('D:\xampp\htdocs...', Array, true)
#5 D:\xampp\htdocs\framework\yii\framework\web\CController.php(869): CBaseController->renderFile('D:\xampp\htdocs...', Array, true)
#6 D:\xampp\htdocs\framework\yii\framework\web\CController.php(782): CController->renderPartial('index', Array, true)
#7 D:\xampp\htdocs\ircbd\protected\controllers\front\SiteController.php(61): CController->render('index', Array)
#8 D:\xampp\htdocs\framework\yii\framework\web\actions\CInlineAction.php(49): SiteController->actionIndex()
#9 D:\xampp\htdocs\framework\yii\framework\web\CController.php(308): CInlineAction->runWithParams(Array)
#10 D:\xampp\htdocs\framework\yii\framework\web\filters\CFilterChain.php(133): CController->runAction(Object(CInlineAction))
#11 D:\xampp\htdocs\framework\yii\framework\web\filters\CFilter.php(40): CFilterChain->run()
#12 D:\xampp\htdocs\framework\yii\framework\web\CController.php(1145): CFilter->filter(Object(CFilterChain))
#13 D:\xampp\htdocs\framework\yii\framework\web\filters\CInlineFilter.php(58): CController->filterAccessControl(Object(CFilterChain))
#14 D:\xampp\htdocs\framework\yii\framework\web\filters\CFilterChain.php(130): CInlineFilter->filter(Object(CFilterChain))
#15 D:\xampp\htdocs\framework\yii\framework\web\CController.php(291): CFilterChain->run()
#16 D:\xampp\htdocs\framework\yii\framework\web\CController.php(265): CController->runActionWithFilters(Object(CInlineAction), Array)
#17 D:\xampp\htdocs\framework\yii\framework\web\CWebApplication.php(282): CController->run('index')
#18 D:\xampp\htdocs\framework\yii\framework\web\CWebApplication.php(141): CWebApplication->runController('site/index')
#19 D:\xampp\htdocs\framework\yii\framework\base\CApplication.php(184): CWebApplication->processRequest()
#20 D:\xampp\htdocs\ircbd\protected\components\WebApplicationEndBehavior.php(24): CApplication->run()
#21 [internal function]: WebApplicationEndBehavior->runEnd('front')
#22 D:\xampp\htdocs\framework\yii\framework\base\CComponent.php(261): call_user_func_array(Array, Array)
#23 D:\xampp\htdocs\ircbd\index.php(14): CComponent->__call('runEnd', Array)
#24 D:\xampp\htdocs\ircbd\index.php(14): CWebApplication->runEnd('front')
#25 {main}
REQUEST_URI=/ircbd/index.php?r=site/index
---
2015/02/26 22:03:57 [error] [php] Undefined variable: id (D:\xampp\htdocs\ircbd\themes\default\views\resource\category.php:3)
Stack trace:
#0 D:\xampp\htdocs\framework\yii\framework\web\CController.php(869): ResourceController->renderFile()
#1 D:\xampp\htdocs\framework\yii\framework\web\CController.php(782): ResourceController->renderPartial()
#2 D:\xampp\htdocs\ircbd\protected\controllers\front\ResourceController.php(63): ResourceController->render()
#3 unknown(0): ResourceController->actionCategory()
#4 D:\xampp\htdocs\framework\yii\framework\web\actions\CAction.php(109): ReflectionMethod->invokeArgs()
#5 D:\xampp\htdocs\framework\yii\framework\web\actions\CInlineAction.php(47): CInlineAction->runWithParamsInternal()
#6 D:\xampp\htdocs\framework\yii\framework\web\CController.php(308): CInlineAction->runWithParams()
#7 D:\xampp\htdocs\framework\yii\framework\web\filters\CFilterChain.php(133): ResourceController->runAction()
#8 D:\xampp\htdocs\framework\yii\framework\web\filters\CFilter.php(40): CFilterChain->run()
#9 D:\xampp\htdocs\framework\yii\framework\web\CController.php(1145): CAccessControlFilter->filter()
#10 D:\xampp\htdocs\framework\yii\framework\web\filters\CInlineFilter.php(58): ResourceController->filterAccessControl()
#11 D:\xampp\htdocs\framework\yii\framework\web\filters\CFilterChain.php(130): CInlineFilter->filter()
#12 D:\xampp\htdocs\framework\yii\framework\web\CController.php(291): CFilterChain->run()
#13 D:\xampp\htdocs\framework\yii\framework\web\CController.php(265): ResourceController->runActionWithFilters()
#14 D:\xampp\htdocs\framework\yii\framework\web\CWebApplication.php(282): ResourceController->run()
#15 D:\xampp\htdocs\framework\yii\framework\web\CWebApplication.php(141): CWebApplication->runController()
#16 D:\xampp\htdocs\framework\yii\framework\base\CApplication.php(184): CWebApplication->processRequest()
#17 D:\xampp\htdocs\ircbd\protected\components\WebApplicationEndBehavior.php(24): CWebApplication->run()
#18 unknown(0): WebApplicationEndBehavior->runEnd()
#19 D:\xampp\htdocs\framework\yii\framework\base\CComponent.php(261): call_user_func_array()
#20 D:\xampp\htdocs\ircbd\index.php(14): CWebApplication->__call()
#21 D:\xampp\htdocs\ircbd\index.php(14): CWebApplication->runEnd()
REQUEST_URI=/ircbd/index.php?r=resource/category&id=4&Resource_page=2
in D:\xampp\htdocs\ircbd\themes\default\views\resource\category.php (3)
in D:\xampp\htdocs\ircbd\protected\controllers\front\ResourceController.php (63)
in D:\xampp\htdocs\ircbd\protected\components\WebApplicationEndBehavior.php (24)
2015/02/26 22:19:58 [error] [exception.CException] exception 'CException' with message 'Property "CInlineAction.id" is read only.' in D:\xampp\htdocs\framework\yii\framework\base\CComponent.php:170
Stack trace:
#0 D:\xampp\htdocs\ircbd\themes\default\views\layouts\column2.php(9): CComponent->__set('id', 'category')
#1 D:\xampp\htdocs\framework\yii\framework\web\CBaseController.php(126): require('D:\xampp\htdocs...')
#2 D:\xampp\htdocs\framework\yii\framework\web\CBaseController.php(95): CBaseController->renderInternal('D:\xampp\htdocs...', Array, true)
#3 D:\xampp\htdocs\framework\yii\framework\web\CController.php(784): CBaseController->renderFile('D:\xampp\htdocs...', Array, true)
#4 D:\xampp\htdocs\ircbd\protected\controllers\front\ResourceController.php(82): CController->render('type', Array)
#5 [internal function]: ResourceController->actionType('4')
#6 D:\xampp\htdocs\framework\yii\framework\web\actions\CAction.php(109): ReflectionMethod->invokeArgs(Object(ResourceController), Array)
#7 D:\xampp\htdocs\framework\yii\framework\web\actions\CInlineAction.php(47): CAction->runWithParamsInternal(Object(ResourceController), Object(ReflectionMethod), Array)
#8 D:\xampp\htdocs\framework\yii\framework\web\CController.php(308): CInlineAction->runWithParams(Array)
#9 D:\xampp\htdocs\framework\yii\framework\web\filters\CFilterChain.php(133): CController->runAction(Object(CInlineAction))
#10 D:\xampp\htdocs\framework\yii\framework\web\filters\CFilter.php(40): CFilterChain->run()
#11 D:\xampp\htdocs\framework\yii\framework\web\CController.php(1145): CFilter->filter(Object(CFilterChain))
#12 D:\xampp\htdocs\framework\yii\framework\web\filters\CInlineFilter.php(58): CController->filterAccessControl(Object(CFilterChain))
#13 D:\xampp\htdocs\framework\yii\framework\web\filters\CFilterChain.php(130): CInlineFilter->filter(Object(CFilterChain))
#14 D:\xampp\htdocs\framework\yii\framework\web\CController.php(291): CFilterChain->run()
#15 D:\xampp\htdocs\framework\yii\framework\web\CController.php(265): CController->runActionWithFilters(Object(CInlineAction), Array)
#16 D:\xampp\htdocs\framework\yii\framework\web\CWebApplication.php(282): CController->run('type')
#17 D:\xampp\htdocs\framework\yii\framework\web\CWebApplication.php(141): CWebApplication->runController('resource/type')
#18 D:\xampp\htdocs\framework\yii\framework\base\CApplication.php(184): CWebApplication->processRequest()
#19 D:\xampp\htdocs\ircbd\protected\components\WebApplicationEndBehavior.php(24): CApplication->run()
#20 [internal function]: WebApplicationEndBehavior->runEnd('front')
#21 D:\xampp\htdocs\framework\yii\framework\base\CComponent.php(261): call_user_func_array(Array, Array)
#22 D:\xampp\htdocs\ircbd\index.php(14): CComponent->__call('runEnd', Array)
#23 D:\xampp\htdocs\ircbd\index.php(14): CWebApplication->runEnd('front')
#24 {main}
REQUEST_URI=/ircbd/index.php?r=resource/type&id=4&Resource_page=8
---
2015/02/26 23:33:31 [error] [exception.CException] exception 'CException' with message 'ResourceController cannot find the requested view "for".' in D:\xampp\htdocs\framework\yii\framework\web\CController.php:878
Stack trace:
#0 D:\xampp\htdocs\framework\yii\framework\web\CController.php(782): CController->renderPartial('for', Array, true)
#1 D:\xampp\htdocs\ircbd\protected\controllers\front\ResourceController.php(168): CController->render('for', Array)
#2 [internal function]: ResourceController->actionIndex('6')
#3 D:\xampp\htdocs\framework\yii\framework\web\actions\CAction.php(109): ReflectionMethod->invokeArgs(Object(ResourceController), Array)
#4 D:\xampp\htdocs\framework\yii\framework\web\actions\CInlineAction.php(47): CAction->runWithParamsInternal(Object(ResourceController), Object(ReflectionMethod), Array)
#5 D:\xampp\htdocs\framework\yii\framework\web\CController.php(308): CInlineAction->runWithParams(Array)
#6 D:\xampp\htdocs\framework\yii\framework\web\filters\CFilterChain.php(133): CController->runAction(Object(CInlineAction))
#7 D:\xampp\htdocs\framework\yii\framework\web\filters\CFilter.php(40): CFilterChain->run()
#8 D:\xampp\htdocs\framework\yii\framework\web\CController.php(1145): CFilter->filter(Object(CFilterChain))
#9 D:\xampp\htdocs\framework\yii\framework\web\filters\CInlineFilter.php(58): CController->filterAccessControl(Object(CFilterChain))
#10 D:\xampp\htdocs\framework\yii\framework\web\filters\CFilterChain.php(130): CInlineFilter->filter(Object(CFilterChain))
#11 D:\xampp\htdocs\framework\yii\framework\web\CController.php(291): CFilterChain->run()
#12 D:\xampp\htdocs\framework\yii\framework\web\CController.php(265): CController->runActionWithFilters(Object(CInlineAction), Array)
#13 D:\xampp\htdocs\framework\yii\framework\web\CWebApplication.php(282): CController->run('index')
#14 D:\xampp\htdocs\framework\yii\framework\web\CWebApplication.php(141): CWebApplication->runController('resource/index')
#15 D:\xampp\htdocs\framework\yii\framework\base\CApplication.php(184): CWebApplication->processRequest()
#16 D:\xampp\htdocs\ircbd\protected\components\WebApplicationEndBehavior.php(24): CApplication->run()
#17 [internal function]: WebApplicationEndBehavior->runEnd('front')
#18 D:\xampp\htdocs\framework\yii\framework\base\CComponent.php(261): call_user_func_array(Array, Array)
#19 D:\xampp\htdocs\ircbd\index.php(14): CComponent->__call('runEnd', Array)
#20 D:\xampp\htdocs\ircbd\index.php(14): CWebApplication->runEnd('front')
#21 {main}
REQUEST_URI=/ircbd/index.php?r=resource/index&id=6
---
